<?xml version="1.0" encoding="UTF-8"?>
<testng-results ignored="0" total="1" passed="1" failed="0" skipped="0">
  <reporter-output>
  </reporter-output>
  <suite started-at="2021-03-14T19:30:29 IST" name="Default suite" finished-at="2021-03-14T19:30:39 IST" duration-ms="9834">
    <groups>
    </groups>
    <test started-at="2021-03-14T19:30:29 IST" name="Default test" finished-at="2021-03-14T19:30:39 IST" duration-ms="9834">
      <class name="com.sel.test.ShadowDomHandle">
        <test-method signature="shadowTest()[pri:0, instance:com.sel.test.ShadowDomHandle@4944252c]" started-at="2021-03-14T19:30:29 IST" name="shadowTest" finished-at="2021-03-14T19:30:39 IST" duration-ms="9786" status="PASS">
          <reporter-output>
          </reporter-output>
        </test-method> <!-- shadowTest -->
      </class> <!-- com.sel.test.ShadowDomHandle -->
    </test> <!-- Default test -->
  </suite> <!-- Default suite -->
</testng-results>
